  [1m[35m (0.1ms)[0m  [1m[34mSELECT sqlite_version(*)[0m
  [1m[35m (1.2ms)[0m  [1m[35mCREATE TABLE "schema_migrations" ("version" varchar NOT NULL PRIMARY KEY)[0m
  [1m[35m (1.0ms)[0m  [1m[35mCREATE TABLE "ar_internal_metadata" ("key" varchar NOT NULL PRIMARY KEY, "value" varchar, "created_at" datetime NOT NULL, "updated_at" datetime NOT NULL)[0m
  [1m[35m (0.2ms)[0m  [1m[34mSELECT "schema_migrations"."version" FROM "schema_migrations" ORDER BY "schema_migrations"."version" ASC[0m
Migrating to CreateTacos (20170512171116)
  [1m[35m (0.1ms)[0m  [1m[36mbegin transaction[0m
  [1m[35m (0.4ms)[0m  [1m[35mCREATE TABLE "tacos" ("id" INTEGER PRIMARY KEY AUTOINCREMENT NOT NULL, "meat" varchar, "rice" boolean, "salsa" boolean, "notes" text, "created_at" datetime NOT NULL, "updated_at" datetime NOT NULL)[0m
  [1m[35mSQL (0.2ms)[0m  [1m[32mINSERT INTO "schema_migrations" ("version") VALUES (?)[0m  [["version", "20170512171116"]]
  [1m[35m (0.6ms)[0m  [1m[36mcommit transaction[0m
  [1m[36mActiveRecord::InternalMetadata Load (0.2ms)[0m  [1m[34mSELECT  "ar_internal_metadata".* FROM "ar_internal_metadata" WHERE "ar_internal_metadata"."key" = ? LIMIT ?[0m  [["key", "environment"], ["LIMIT", 1]]
  [1m[35m (0.1ms)[0m  [1m[36mbegin transaction[0m
  [1m[35mSQL (0.3ms)[0m  [1m[32mINSERT INTO "ar_internal_metadata" ("key", "value", "created_at", "updated_at") VALUES (?, ?, ?, ?)[0m  [["key", "environment"], ["value", "development"], ["created_at", "2017-05-12 17:11:35.304607"], ["updated_at", "2017-05-12 17:11:35.304607"]]
  [1m[35m (0.7ms)[0m  [1m[36mcommit transaction[0m
  [1m[35m (0.1ms)[0m  [1m[34mSELECT "schema_migrations"."version" FROM "schema_migrations" ORDER BY "schema_migrations"."version" ASC[0m
Started GET "/LD%20Taco%20Shop.html" for 127.0.0.1 at 2017-05-12 13:12:28 -0400
  [1m[35m (0.2ms)[0m  [1m[34mSELECT "schema_migrations"."version" FROM "schema_migrations" ORDER BY "schema_migrations"."version" ASC[0m
  
ActionController::RoutingError (No route matches [GET] "/LD%20Taco%20Shop.html"):
  
actionpack (5.1.0) lib/action_dispatch/middleware/debug_exceptions.rb:63:in `call'
web-console (3.5.1) lib/web_console/middleware.rb:135:in `call_app'
web-console (3.5.1) lib/web_console/middleware.rb:28:in `block in call'
web-console (3.5.1) lib/web_console/middleware.rb:18:in `catch'
web-console (3.5.1) lib/web_console/middleware.rb:18:in `call'
actionpack (5.1.0) lib/action_dispatch/middleware/show_exceptions.rb:31:in `call'
railties (5.1.0) lib/rails/rack/logger.rb:36:in `call_app'
railties (5.1.0) lib/rails/rack/logger.rb:24:in `block in call'
activesupport (5.1.0) lib/active_support/tagged_logging.rb:69:in `block in tagged'
activesupport (5.1.0) lib/active_support/tagged_logging.rb:26:in `tagged'
activesupport (5.1.0) lib/active_support/tagged_logging.rb:69:in `tagged'
railties (5.1.0) lib/rails/rack/logger.rb:24:in `call'
sprockets-rails (3.2.0) lib/sprockets/rails/quiet_assets.rb:13:in `call'
actionpack (5.1.0) lib/action_dispatch/middleware/remote_ip.rb:79:in `call'
actionpack (5.1.0) lib/action_dispatch/middleware/request_id.rb:25:in `call'
rack (2.0.2) lib/rack/method_override.rb:22:in `call'
rack (2.0.2) lib/rack/runtime.rb:22:in `call'
activesupport (5.1.0) lib/active_support/cache/strategy/local_cache_middleware.rb:27:in `call'
actionpack (5.1.0) lib/action_dispatch/middleware/executor.rb:12:in `call'
actionpack (5.1.0) lib/action_dispatch/middleware/static.rb:125:in `call'
rack (2.0.2) lib/rack/sendfile.rb:111:in `call'
railties (5.1.0) lib/rails/engine.rb:522:in `call'
puma (3.8.2) lib/puma/configuration.rb:224:in `call'
puma (3.8.2) lib/puma/server.rb:600:in `handle_request'
puma (3.8.2) lib/puma/server.rb:435:in `process_client'
puma (3.8.2) lib/puma/server.rb:299:in `block in run'
puma (3.8.2) lib/puma/thread_pool.rb:120:in `block in spawn_thread'
Started GET "/tacos" for 127.0.0.1 at 2017-05-12 13:12:52 -0400
  
ActionController::RoutingError (No route matches [GET] "/tacos"):
  
actionpack (5.1.0) lib/action_dispatch/middleware/debug_exceptions.rb:63:in `call'
web-console (3.5.1) lib/web_console/middleware.rb:135:in `call_app'
web-console (3.5.1) lib/web_console/middleware.rb:28:in `block in call'
web-console (3.5.1) lib/web_console/middleware.rb:18:in `catch'
web-console (3.5.1) lib/web_console/middleware.rb:18:in `call'
actionpack (5.1.0) lib/action_dispatch/middleware/show_exceptions.rb:31:in `call'
railties (5.1.0) lib/rails/rack/logger.rb:36:in `call_app'
railties (5.1.0) lib/rails/rack/logger.rb:24:in `block in call'
activesupport (5.1.0) lib/active_support/tagged_logging.rb:69:in `block in tagged'
activesupport (5.1.0) lib/active_support/tagged_logging.rb:26:in `tagged'
activesupport (5.1.0) lib/active_support/tagged_logging.rb:69:in `tagged'
railties (5.1.0) lib/rails/rack/logger.rb:24:in `call'
sprockets-rails (3.2.0) lib/sprockets/rails/quiet_assets.rb:13:in `call'
actionpack (5.1.0) lib/action_dispatch/middleware/remote_ip.rb:79:in `call'
actionpack (5.1.0) lib/action_dispatch/middleware/request_id.rb:25:in `call'
rack (2.0.2) lib/rack/method_override.rb:22:in `call'
rack (2.0.2) lib/rack/runtime.rb:22:in `call'
activesupport (5.1.0) lib/active_support/cache/strategy/local_cache_middleware.rb:27:in `call'
actionpack (5.1.0) lib/action_dispatch/middleware/executor.rb:12:in `call'
actionpack (5.1.0) lib/action_dispatch/middleware/static.rb:125:in `call'
rack (2.0.2) lib/rack/sendfile.rb:111:in `call'
railties (5.1.0) lib/rails/engine.rb:522:in `call'
puma (3.8.2) lib/puma/configuration.rb:224:in `call'
puma (3.8.2) lib/puma/server.rb:600:in `handle_request'
puma (3.8.2) lib/puma/server.rb:435:in `process_client'
puma (3.8.2) lib/puma/server.rb:299:in `block in run'
puma (3.8.2) lib/puma/thread_pool.rb:120:in `block in spawn_thread'
Started GET "/tacos" for 127.0.0.1 at 2017-05-12 13:13:47 -0400
Started POST "/tacos" for 127.0.0.1 at 2017-05-12 13:13:57 -0400
Processing by TacosController#index as HTML
  [1m[36mTaco Load (0.1ms)[0m  [1m[34mSELECT "tacos".* FROM "tacos"[0m
Completed 200 OK in 4ms (Views: 2.1ms | ActiveRecord: 0.5ms)


Processing by TacosController#create as HTML
  Parameters: {"meat"=>"chicken", "rice"=>false, "salsa"=>false, "notes"=>"", "taco"=>{"meat"=>"chicken", "rice"=>false, "salsa"=>false, "notes"=>""}}
Can't verify CSRF token authenticity.
  [1m[35m (0.1ms)[0m  [1m[36mbegin transaction[0m
  [1m[35mSQL (0.6ms)[0m  [1m[32mINSERT INTO "tacos" ("meat", "rice", "salsa", "notes", "created_at", "updated_at") VALUES (?, ?, ?, ?, ?, ?)[0m  [["meat", "chicken"], ["rice", "f"], ["salsa", "f"], ["notes", ""], ["created_at", "2017-05-12 17:13:57.623629"], ["updated_at", "2017-05-12 17:13:57.623629"]]
  [1m[35m (2.1ms)[0m  [1m[36mcommit transaction[0m
Completed 200 OK in 15ms (Views: 0.8ms | ActiveRecord: 3.6ms)


Started POST "/tacos" for 127.0.0.1 at 2017-05-12 13:14:02 -0400
Processing by TacosController#create as HTML
  Parameters: {"meat"=>"chicken", "rice"=>true, "salsa"=>true, "notes"=>"", "taco"=>{"meat"=>"chicken", "rice"=>true, "salsa"=>true, "notes"=>""}}
Can't verify CSRF token authenticity.
  [1m[35m (0.1ms)[0m  [1m[36mbegin transaction[0m
  [1m[35mSQL (0.4ms)[0m  [1m[32mINSERT INTO "tacos" ("meat", "rice", "salsa", "notes", "created_at", "updated_at") VALUES (?, ?, ?, ?, ?, ?)[0m  [["meat", "chicken"], ["rice", "t"], ["salsa", "t"], ["notes", ""], ["created_at", "2017-05-12 17:14:02.787919"], ["updated_at", "2017-05-12 17:14:02.787919"]]
  [1m[35m (1.8ms)[0m  [1m[36mcommit transaction[0m
Completed 200 OK in 7ms (Views: 1.0ms | ActiveRecord: 2.3ms)


Started POST "/tacos" for 127.0.0.1 at 2017-05-12 13:14:04 -0400
Processing by TacosController#create as HTML
  Parameters: {"meat"=>"chicken", "rice"=>false, "salsa"=>false, "notes"=>"asdf", "taco"=>{"meat"=>"chicken", "rice"=>false, "salsa"=>false, "notes"=>"asdf"}}
Can't verify CSRF token authenticity.
  [1m[35m (0.3ms)[0m  [1m[36mbegin transaction[0m
  [1m[35mSQL (0.5ms)[0m  [1m[32mINSERT INTO "tacos" ("meat", "rice", "salsa", "notes", "created_at", "updated_at") VALUES (?, ?, ?, ?, ?, ?)[0m  [["meat", "chicken"], ["rice", "f"], ["salsa", "f"], ["notes", "asdf"], ["created_at", "2017-05-12 17:14:04.699693"], ["updated_at", "2017-05-12 17:14:04.699693"]]
  [1m[35m (1.2ms)[0m  [1m[36mcommit transaction[0m
Completed 200 OK in 6ms (Views: 0.4ms | ActiveRecord: 2.0ms)


Started DELETE "/tacos/1" for 127.0.0.1 at 2017-05-12 13:14:31 -0400
Processing by TacosController#destroy as HTML
  Parameters: {"id"=>"1"}
Can't verify CSRF token authenticity.
  [1m[36mTaco Load (0.2ms)[0m  [1m[34mSELECT  "tacos".* FROM "tacos" WHERE "tacos"."id" = ? LIMIT ?[0m  [["id", 1], ["LIMIT", 1]]
  [1m[35m (0.1ms)[0m  [1m[36mbegin transaction[0m
  [1m[35mSQL (0.3ms)[0m  [1m[31mDELETE FROM "tacos" WHERE "tacos"."id" = ?[0m  [["id", 1]]
  [1m[35m (0.8ms)[0m  [1m[36mcommit transaction[0m
Completed 200 OK in 9ms (Views: 0.6ms | ActiveRecord: 1.3ms)


Started DELETE "/tacos/2" for 127.0.0.1 at 2017-05-12 13:14:32 -0400
Processing by TacosController#destroy as HTML
  Parameters: {"id"=>"2"}
Can't verify CSRF token authenticity.
  [1m[36mTaco Load (0.2ms)[0m  [1m[34mSELECT  "tacos".* FROM "tacos" WHERE "tacos"."id" = ? LIMIT ?[0m  [["id", 2], ["LIMIT", 1]]
  [1m[35m (0.0ms)[0m  [1m[36mbegin transaction[0m
  [1m[35mSQL (0.3ms)[0m  [1m[31mDELETE FROM "tacos" WHERE "tacos"."id" = ?[0m  [["id", 2]]
  [1m[35m (1.5ms)[0m  [1m[36mcommit transaction[0m
Completed 200 OK in 5ms (Views: 0.4ms | ActiveRecord: 2.0ms)


Started DELETE "/tacos/3" for 127.0.0.1 at 2017-05-12 13:14:32 -0400
Processing by TacosController#destroy as HTML
  Parameters: {"id"=>"3"}
Can't verify CSRF token authenticity.
  [1m[36mTaco Load (0.2ms)[0m  [1m[34mSELECT  "tacos".* FROM "tacos" WHERE "tacos"."id" = ? LIMIT ?[0m  [["id", 3], ["LIMIT", 1]]
  [1m[35m (0.1ms)[0m  [1m[36mbegin transaction[0m
  [1m[35mSQL (0.3ms)[0m  [1m[31mDELETE FROM "tacos" WHERE "tacos"."id" = ?[0m  [["id", 3]]
  [1m[35m (1.4ms)[0m  [1m[36mcommit transaction[0m
Completed 200 OK in 5ms (Views: 0.5ms | ActiveRecord: 2.0ms)


